<?xml version="1.0" encoding="UTF-8"?>
<!-- Generated by org.testng.reporters.JUnitXMLReporter -->
<testsuite ignored="0" hostname="DESKTOP-05O9OSJ" failures="0" tests="17" name="Test" time="0.572" errors="0" timestamp="2022-04-04T11:20:18 IST">
  <testcase classname="testNGkeywords.InvocationCountStudy" name="f" time="0.042"/>
  <testcase classname="testNGkeywords.InvocationCountStudy" name="f2" time="0.01"/>
  <testcase classname="testNGkeywords.InvocationCountStudy" name="f2" time="0.018"/>
  <testcase classname="testNGkeywords.InvocationCountStudy" name="f2" time="0.008"/>
  <testcase classname="testNGkeywords.InvocationCountStudy" name="f2" time="0.009"/>
  <testcase classname="testNGkeywords.InvocationCountStudy" name="f2" time="0.016"/>
  <testcase classname="testNGkeywords.InvocationCountStudy" name="f3" time="0.007"/>
  <testcase classname="testngnew.Kitecheck" name="validateUserID" time="0.013"/>
  <testcase classname="testngnew.Kitecheck" name="validateUserID" time="0.006"/>
  <testcase classname="testngnew.Kitecheck" name="validateUserID" time="0.006"/>
  <testcase classname="testNGkeywords.PriorityKeyword" name="C" time="0.005"/>
  <testcase classname="testNGkeywords.PriorityKeyword" name="B" time="0.005"/>
  <testcase classname="testNGkeywords.PriorityKeyword" name="A" time="0.008"/>
  <testcase classname="testNGkeywords.PriorityKeyword" name="A" time="0.01"/>
  <testcase classname="testngnew.AnnotationStudy" name="Method1" time="0.005"/>
  <testcase classname="testngnew.AnnotationStudy" name="Method1" time="0.004"/>
  <testcase classname="testngnew.AnnotationStudy" name="Method1" time="0.004"/>
</testsuite> <!-- Test -->
