<?xml version="1.0" encoding="UTF-8"?>
<!-- Generated by org.testng.reporters.JUnitXMLReporter -->
<testsuite ignored="3" hostname="DESKTOP-05O9OSJ" failures="1" tests="1" name="Default test(failed)(failed)" time="2.248" errors="0" timestamp="2022-03-19T01:21:23 IST">
  <testcase classname="testNGkeywords.EnabledKeyword" name="test1" time="2.069">
    <failure type="org.testng.internal.thread.ThreadTimeoutException" message="Method testNGkeywords.EnabledKeyword.test1() didn&amp;apos;t finish within the time-out 2000">
      <![CDATA[org.testng.internal.thread.ThreadTimeoutException: Method testNGkeywords.EnabledKeyword.test1() didn't finish within the time-out 2000
at java.base/java.util.ArrayList.forEach(ArrayList.java:1511)
... Removed 24 stack frames]]>
    </failure>
  </testcase> <!-- test1 -->
  <testcase classname="testNGkeywords.EnabledKeyword" name="test3" time="0.0">
    <ignored/>
  </testcase> <!-- test3 -->
  <testcase classname="testNGkeywords.EnabledKeyword" name="test2" time="0.0">
    <ignored/>
  </testcase> <!-- test2 -->
  <testcase classname="testNGkeywords.EnabledKeyword" name="test4" time="0.0">
    <ignored/>
  </testcase> <!-- test4 -->
</testsuite> <!-- Default test(failed)(failed) -->
