<?xml version="1.0" encoding="UTF-8"?>
<!-- Generated by org.testng.reporters.JUnitXMLReporter -->
<testsuite ignored="4" hostname="DESKTOP-05O9OSJ" failures="0" tests="1" name="Test" time="0.312" errors="0" timestamp="2022-03-19T14:31:07 IST">
  <testcase classname="testngnew.TestSuiteStudy" name="Method1" time="0.053"/>
  <testcase classname="testngnew.TestSuiteStudy" name="Method5" time="0.0">
    <ignored/>
  </testcase> <!-- Method5 -->
  <testcase classname="testngnew.TestSuiteStudy" name="Method4" time="0.0">
    <ignored/>
  </testcase> <!-- Method4 -->
  <testcase classname="testngnew.TestSuiteStudy" name="Method2" time="0.0">
    <ignored/>
  </testcase> <!-- Method2 -->
  <testcase classname="testngnew.TestSuiteStudy" name="Method3" time="0.0">
    <ignored/>
  </testcase> <!-- Method3 -->
</testsuite> <!-- Test -->
