<?xml version="1.0" encoding="UTF-8"?>
<testng-results ignored="0" total="1" passed="1" failed="0" skipped="0">
  <reporter-output>
    <line>
      <![CDATA[launcing browser]]>
    </line>
  </reporter-output>
  <suite started-at="2022-04-04T15:52:19 IST" name="Default suite" finished-at="2022-04-04T15:53:24 IST" duration-ms="64067">
    <groups>
    </groups>
    <test started-at="2022-04-04T15:52:19 IST" name="Default test" finished-at="2022-04-04T15:53:24 IST" duration-ms="64067">
      <class name="suitelevellistener.Testloginlogout">
        <test-method is-config="true" signature="launchbrowser()[pri:0, instance:suitelevellistener.Testloginlogout@9597028]" started-at="2022-04-04T15:52:20 IST" name="launchbrowser" finished-at="2022-04-04T15:52:51 IST" duration-ms="31794" status="PASS">
          <reporter-output>
            <line>
              <![CDATA[launcing browser]]>
            </line>
          </reporter-output>
        </test-method> <!-- launchbrowser -->
        <test-method is-config="true" signature="LOGIN()[pri:0, instance:suitelevellistener.Testloginlogout@9597028]" started-at="2022-04-04T15:52:51 IST" name="LOGIN" finished-at="2022-04-04T15:53:08 IST" duration-ms="16933" status="PASS">
          <reporter-output>
          </reporter-output>
        </test-method> <!-- LOGIN -->
        <test-method signature="ValidateID()[pri:0, instance:suitelevellistener.Testloginlogout@9597028]" started-at="2022-04-04T15:53:08 IST" name="ValidateID" finished-at="2022-04-04T15:53:19 IST" duration-ms="10603" status="PASS">
          <reporter-output>
          </reporter-output>
        </test-method> <!-- ValidateID -->
        <test-method is-config="true" signature="logout()[pri:0, instance:suitelevellistener.Testloginlogout@9597028]" started-at="2022-04-04T15:53:19 IST" name="logout" finished-at="2022-04-04T15:53:23 IST" duration-ms="3565" status="PASS">
          <reporter-output>
          </reporter-output>
        </test-method> <!-- logout -->
        <test-method is-config="true" signature="close()[pri:0, instance:suitelevellistener.Testloginlogout@9597028]" started-at="2022-04-04T15:53:23 IST" name="close" finished-at="2022-04-04T15:53:24 IST" duration-ms="1006" status="PASS">
          <reporter-output>
          </reporter-output>
        </test-method> <!-- close -->
      </class> <!-- suitelevellistener.Testloginlogout -->
    </test> <!-- Default test -->
  </suite> <!-- Default suite -->
</testng-results>
